2026-02-15 14:41:43 [INFO]  - 24644
2026-02-15 14:41:43 [ERROR] Segmentation fault - 25750
2026-02-15 14:41:43 [INFO]  - 15607
2026-02-15 14:41:43 [WARNING]  - 3195
2026-02-15 14:41:43 [WARNING]  - 30880
2026-02-15 14:41:43 [CRITICAL]  - 24451
2026-02-15 14:41:43 [WARNING]  - 11552
2026-02-15 14:41:43 [DEBUG]  - 4232
2026-02-15 14:41:43 [ERROR] Segmentation fault - 25334
2026-02-15 14:41:43 [WARNING]  - 5758
2026-02-15 14:41:43 [DEBUG]  - 25530
2026-02-15 14:41:43 [CRITICAL]  - 9223
2026-02-15 14:41:43 [WARNING]  - 14884
2026-02-15 14:41:43 [DEBUG]  - 18365
2026-02-15 14:41:43 [CRITICAL]  - 27841
2026-02-15 14:41:43 [DEBUG]  - 21208
2026-02-15 14:41:43 [WARNING]  - 1934
2026-02-15 14:41:43 [CRITICAL]  - 16561
2026-02-15 14:41:43 [ERROR] Disk full - 5877
2026-02-15 14:41:43 [CRITICAL]  - 8294
2026-02-15 14:41:43 [INFO]  - 12690
2026-02-15 14:41:43 [ERROR] Invalid input - 16369
2026-02-15 14:41:43 [DEBUG]  - 26509
2026-02-15 14:41:43 [WARNING]  - 23679
2026-02-15 14:41:43 [WARNING]  - 26602
2026-02-15 14:41:43 [ERROR] Segmentation fault - 2300
2026-02-15 14:41:43 [CRITICAL]  - 31018
2026-02-15 14:41:43 [DEBUG]  - 29356
2026-02-15 14:41:43 [WARNING]  - 1501
2026-02-15 14:41:43 [WARNING]  - 20210
2026-02-15 14:41:43 [DEBUG]  - 31689
2026-02-15 14:41:43 [DEBUG]  - 17041
2026-02-15 14:41:43 [INFO]  - 27881
2026-02-15 14:41:43 [CRITICAL]  - 6657
2026-02-15 14:41:43 [DEBUG]  - 22553
2026-02-15 14:41:43 [DEBUG]  - 21277
2026-02-15 14:41:43 [ERROR] Disk full - 22496
2026-02-15 14:41:43 [ERROR] Invalid input - 28396
2026-02-15 14:41:43 [DEBUG]  - 14786
2026-02-15 14:41:43 [INFO]  - 5613
2026-02-15 14:41:43 [ERROR] Disk full - 8830
2026-02-15 14:41:43 [ERROR] Disk full - 22073
2026-02-15 14:41:43 [CRITICAL]  - 11760
2026-02-15 14:41:43 [DEBUG]  - 29162
2026-02-15 14:41:43 [DEBUG]  - 3377
2026-02-15 14:41:43 [INFO]  - 18421
2026-02-15 14:41:43 [DEBUG]  - 7040
2026-02-15 14:41:43 [WARNING]  - 7002
2026-02-15 14:41:43 [CRITICAL]  - 27476
2026-02-15 14:41:43 [ERROR] Disk full - 11141
